2021-03-01 16:27:24,346:INFO:Extracting the file that needs to be processed
2021-03-01 16:27:24,346:INFO:Checking the format
2021-03-01 16:27:24,346:INFO:checking the two recent files
2021-03-01 16:27:24,413:INFO:checking if the file is in the refrence file
2021-03-01 16:27:24,413:ERROR:Reference File does not exist
Traceback (most recent call last):
  File "/Users/aliadam/Documents/smoothstack/week2/weekendProject/fieldAgents.py", line 105, in Check_refrence_file
    ref = open("NYL_lst.txt","r+")
FileNotFoundError: [Errno 2] No such file or directory: 'NYL_lst.txt'
2021-03-01 16:27:24,413:INFO:Processing the file = NYL_FieldAgent_20210219.csv
2021-03-01 16:27:24,432:INFO:Checking for invalid State Name
2021-03-01 16:27:24,434:INFO:Checking for invalid State Name
2021-03-01 16:27:24,437:INFO:Checking for invalid Phone Numbers
2021-03-01 16:27:24,522:INFO:Checking for invalid Phone Numbers
2021-03-01 16:27:24,590:INFO:Checking for invalid Email Address
2021-03-01 16:28:09,619:INFO:Data frame of the headers as index:
2021-03-01 16:28:09,619:INFO:                                                                                0     ...                                               2105
Partner                                                                          NYL  ...                                                NYL
Agent Id                                                                         866  ...                                             991861
Update Date                                                               02/18/2021  ...                                         02/18/2021
Agency Name                                                   NORTHERN CALIFORNIA GO  ...                              NORTHEASTERN PENN. GO
Agency Phone Number                                                     916.774.6200  ...                                       570.969.3111
Agency Street Address                                2999 DOUGLAS BLVD.               ...                    220 PENN AVENUE                
Agency Street Address 2            SUITE 350                                     ...  ...                                                ...
Agency City                                          ROSEVILLE                        ...                    SCRANTON                       
Agency State                                                                      CA  ...                                                 PA
Agency Postal Code                                                         956613839  ...                                              18503
Agency Principal Name                                                                 ...                                                   
Agent Last Name                                      MORGAN                           ...                    THOL                           
Agent Middle Name                                                                     ...                    E                              
Agent First Name                                     STEVE                            ...                    JEFFREY                        
Agent Street Address                                 2999 DOUGLAS BLVD                ...                    928 CHURCH STREET              
Agent Street Address 2             SUITE 350                                     ...  ...                                                ...
Agent City                                           ROSEVILLE                        ...                    HONESDALE                      
Agent State                                                                       CA  ...                                                 PA
Agent Postal Code                                                          956613839  ...                                          184311921
Agent Phone Number                                                      916.774.6236  ...                                       570.253.5148
Agent Email Address                                   stevemorgan@ft.NewYorkLife.com  ...                           jthol@ft.newyorklife.com
Agent National Producer Number                                               2065325  ...                                            1019288
Agent Writing Contract Start Date                                         06/10/1998  ...                                         05/04/1970
Agent Writing Contract Status                                                 Active  ...                                             Active
Agent License State (active)                                                  CA,FL,  ...            AZ,CA,FL,MA,NC,NJ,NY,PA,TX,UT,CT,NV,VA,
Date when an agent became A2O                                             12/02/2020  ...                                         10/05/2020
Title                                                                         AGENT   ...                                             AGENT 
AARP Auth to Offer Level                                                           2  ...                                                  2

[28 rows x 2106 columns]
2021-03-01 16:28:09,824:INFO:------------------------------------
2021-03-01 16:28:10,166:INFO:Graph 1 is saved
2021-03-01 16:28:10,167:INFO:Dataframe which gives the Agent Name , Agent Writing ContractStart Date , Date when an agent became A2O
2021-03-01 16:28:10,167:INFO:                      Agent Last Name Agent Writing Contract Start Date Date when an agent became A2O
0     MORGAN                                                 06/10/1998                    12/02/2020
1     BENITEZ                                                06/02/1998                    10/07/2020
2     CHRISTENSEN                                            09/14/1998                    12/29/2020
3     KRAMER                                                 07/14/1998                    10/02/2020
4     WHITEHEAD                                              06/04/1994                    12/02/2020
...                               ...                               ...                           ...
2101  MILLER                                                 03/16/1970                    10/15/2020
2102  KUEHNE                                                 04/01/1970                    12/02/2020
2103  BOSO                                                   04/20/1970                    01/22/2021
2104  FULLER                                                 12/08/1976                    01/04/2021
2105  THOL                                                   05/04/1970                    10/05/2020

[2106 rows x 3 columns]
2021-03-01 16:28:10,172:INFO:------------------------------------
2021-03-01 16:28:10,172:INFO:Adding the file name
2021-03-01 16:28:10,173:INFO:File name was added to the refrence file
