array of 10 zeros: 
[0. 0. 0. 0. 0. 0. 0. 0. 0. 0.]
-------------------------------------------------------
array of 10 ones: 
[1. 1. 1. 1. 1. 1. 1. 1. 1. 1.]
-------------------------------------------------------
array of 10 fives: 
[5. 5. 5. 5. 5. 5. 5. 5. 5. 5.]
-------------------------------------------------------
array of integers from 10 to 50: 
[10 11 12 13 14 15 16 17 18 19 20 21 22 23 24 25 26 27 28 29 30 31 32 33
 34 35 36 37 38 39 40 41 42 43 44 45 46 47 48 49]
-------------------------------------------------------
array of even integers from 10 to 50: 
[10 12 14 16 18 20 22 24 26 28 30 32 34 36 38 40 42 44 46 48]
-------------------------------------------------------
array of 3x3 matrix with values ranging from 0 to 8: 
[[0 1 2]
 [3 4 5]
 [6 7 8]]
-------------------------------------------------------
array of 3x3 identity matrix: 
[[1. 0. 0.]
 [0. 1. 0.]
 [0. 0. 1.]]
-------------------------------------------------------
array of andomly generate a number between 0 and 1: 
[0.96102905 0.53096562 0.20570709 0.83896564 0.40839317 0.86501752
 0.67668011 0.55648284 0.50943655 0.5869872 ]
-------------------------------------------------------
